2022-01-04 17:42:59,857 - INFO: SERVER Listening at (172.23.8.117, 8080)
2022-01-04 17:43:12,858 - INFO: new client connected at (172.23.11.245, 49980)
2022-01-04 17:43:18,050 - INFO: admin is added
2022-01-04 17:43:22,595 - INFO: new client connected at (172.23.9.104, 62179)
2022-01-04 17:43:22,645 - INFO: gyro is added
2022-01-04 17:43:23,121 - INFO: data sent to user: G1001
2022-01-04 17:43:23,542 - INFO: data sent to user: G1002
2022-01-04 17:43:23,862 - INFO: data sent to user: G1003
2022-01-04 17:43:24,241 - INFO: data sent to user: G1004
2022-01-04 17:43:24,669 - INFO: data sent to user: G1005
2022-01-04 17:43:25,067 - INFO: data sent to user: G1006
2022-01-04 17:43:25,495 - INFO: data sent to user: G1007
2022-01-04 17:43:25,882 - INFO: data sent to user: G1008
2022-01-04 17:43:26,293 - INFO: data sent to user: G1009
2022-01-04 17:43:26,723 - INFO: data sent to user: G10010
2022-01-04 17:43:27,129 - INFO: data sent to user: G10011
2022-01-04 17:43:27,529 - INFO: data sent to user: G10012
2022-01-04 17:43:27,956 - INFO: data sent to user: G10013
2022-01-04 17:43:28,345 - INFO: data sent to user: G10014
2022-01-04 17:43:28,745 - INFO: data sent to user: G10015
2022-01-04 17:43:29,171 - INFO: data sent to user: G10016
2022-01-04 17:43:29,585 - INFO: data sent to user: G10017
2022-01-04 17:43:29,913 - INFO: data sent to user: G10018
2022-01-04 17:43:30,317 - INFO: data sent to user: G10019
2022-01-04 17:43:30,798 - INFO: data sent to user: G10020
2022-01-04 17:43:31,241 - INFO: data sent to user: G10021
2022-01-04 17:43:31,651 - INFO: data sent to user: G10022
2022-01-04 17:43:32,041 - INFO: data sent to user: G10023
2022-01-04 17:43:32,458 - INFO: data sent to user: G10024
2022-01-04 17:43:32,863 - INFO: data sent to user: G10025
2022-01-04 17:43:33,279 - INFO: data sent to user: G10026
2022-01-04 17:43:33,705 - INFO: data sent to user: G10027
2022-01-04 17:43:34,087 - INFO: data sent to user: G10028
2022-01-04 17:43:34,494 - INFO: data sent to user: G10029
2022-01-04 17:43:34,889 - INFO: data sent to user: G10030
2022-01-04 17:43:35,308 - INFO: data sent to user: G10031
2022-01-04 17:43:35,711 - INFO: data sent to user: G10032
2022-01-04 17:43:35,918 - INFO: command sent to subcontroller: Gyro_Stop

2022-01-04 17:43:36,010 - INFO: data sent to user: G10033
2022-01-04 17:43:36,454 - INFO: data sent to user: G10034
2022-01-04 17:43:36,833 - INFO: data sent to user: G10035
2022-01-04 17:43:37,346 - INFO: data sent to user: G10036
2022-01-04 17:43:37,664 - INFO: data sent to user: G10037
2022-01-04 17:43:38,070 - INFO: data sent to user: G10038
2022-01-04 17:43:38,504 - INFO: data sent to user: G10039
2022-01-04 17:43:38,864 - INFO: data sent to user: G10040
2022-01-04 17:43:39,332 - INFO: data sent to user: G10041
2022-01-04 17:43:39,733 - INFO: data sent to user: G10042
2022-01-04 17:43:39,968 - INFO: command sent to subcontroller: Gyro_Init

2022-01-04 17:43:40,087 - INFO: data sent to user: G10043
2022-01-04 17:43:40,538 - INFO: data sent to user: G10044
2022-01-04 17:43:40,930 - INFO: data sent to user: G10045
2022-01-04 17:43:41,306 - INFO: data sent to user: G10046
2022-01-04 17:43:41,775 - INFO: data sent to user: G10047
2022-01-04 17:43:42,169 - INFO: data sent to user: G10048
2022-01-04 17:43:42,582 - INFO: data sent to user: G10049
2022-01-04 17:43:43,005 - INFO: data sent to user: G10050
2022-01-04 17:43:43,409 - INFO: data sent to user: G10051
2022-01-04 17:43:43,806 - INFO: data sent to user: G10052
2022-01-04 17:43:44,220 - INFO: data sent to user: G10053
2022-01-04 17:43:44,630 - INFO: data sent to user: G10054
2022-01-04 17:43:45,035 - INFO: data sent to user: G10055
2022-01-04 17:43:45,459 - INFO: data sent to user: G10056
2022-01-04 17:43:45,741 - INFO: command sent to subcontroller: Gyro_getYaw

2022-01-04 17:43:45,758 - INFO: data sent to user: G10057
2022-01-04 17:43:46,288 - INFO: data sent to user: G10058
2022-01-04 17:43:46,703 - INFO: data sent to user: G10059
2022-01-04 17:43:47,087 - INFO: data sent to user: G10060
2022-01-04 17:43:47,510 - INFO: data sent to user: G10061
2022-01-04 17:43:47,912 - INFO: data sent to user: G10062
2022-01-04 17:43:48,217 - INFO: data sent to user: G10063
2022-01-04 17:43:48,607 - INFO: data sent to user: G10064
2022-01-04 17:43:49,140 - INFO: data sent to user: G10065
2022-01-04 17:43:49,447 - INFO: data sent to user: G10066
2022-01-04 17:43:49,537 - INFO: new client connected at (172.23.9.104, 62180)
2022-01-04 17:43:49,593 - INFO: mass controller is added
2022-01-04 17:43:49,859 - INFO: data sent to user: G10067
2022-01-04 17:43:50,054 - INFO: data sent to user: M1001
2022-01-04 17:43:50,236 - INFO: data sent to user: G10068
2022-01-04 17:43:50,553 - INFO: data sent to user: M1002
2022-01-04 17:43:50,646 - INFO: data sent to user: G10069
2022-01-04 17:43:51,078 - INFO: data sent to user: G10070
2022-01-04 17:43:51,096 - INFO: data sent to user: M1003
2022-01-04 17:43:51,496 - INFO: data sent to user: G10071
2022-01-04 17:43:51,590 - INFO: data sent to user: M1004
2022-01-04 17:43:51,887 - INFO: data sent to user: G10072
2022-01-04 17:43:52,112 - INFO: data sent to user: M1005
2022-01-04 17:43:52,273 - INFO: data sent to user: G10073
2022-01-04 17:43:52,727 - INFO: data sent to user: M1006
2022-01-04 17:43:52,739 - INFO: data sent to user: G10074
2022-01-04 17:43:53,146 - INFO: data sent to user: G10075
2022-01-04 17:43:53,158 - INFO: data sent to user: M1007
2022-01-04 17:43:53,535 - INFO: data sent to user: G10076
2022-01-04 17:43:53,687 - INFO: data sent to user: M1008
2022-01-04 17:43:53,947 - INFO: data sent to user: G10077
2022-01-04 17:43:54,253 - INFO: data sent to user: M1009
2022-01-04 17:43:54,332 - INFO: data sent to user: G10078
2022-01-04 17:43:54,773 - INFO: data sent to user: G10079
2022-01-04 17:43:54,785 - INFO: data sent to user: M10010
2022-01-04 17:43:55,172 - INFO: data sent to user: G10080
2022-01-04 17:43:55,238 - INFO: data sent to user: M10011
2022-01-04 17:43:55,586 - INFO: data sent to user: G10081
2022-01-04 17:43:55,742 - INFO: data sent to user: M10012
2022-01-04 17:43:55,943 - INFO: data sent to user: G10082
2022-01-04 17:43:56,288 - INFO: data sent to user: M10013
2022-01-04 17:43:56,324 - INFO: data sent to user: G10083
2022-01-04 17:43:56,805 - INFO: data sent to user: G10084
2022-01-04 17:43:56,811 - INFO: data sent to user: M10014
2022-01-04 17:43:57,220 - INFO: data sent to user: G10085
2022-01-04 17:43:57,285 - INFO: data sent to user: M10015
2022-01-04 17:43:57,647 - INFO: data sent to user: G10086
2022-01-04 17:43:57,802 - INFO: data sent to user: M10016
2022-01-04 17:43:57,977 - INFO: data sent to user: G10087
2022-01-04 17:43:58,352 - INFO: data sent to user: M10017
2022-01-04 17:43:58,365 - INFO: data sent to user: G10088
2022-01-04 17:43:58,858 - INFO: data sent to user: M10018
2022-01-04 17:43:58,877 - INFO: data sent to user: G10089
2022-01-04 17:43:59,270 - INFO: data sent to user: G10090
2022-01-04 17:43:59,355 - INFO: data sent to user: M10019
2022-01-04 17:43:59,719 - INFO: data sent to user: G10091
2022-01-04 17:43:59,861 - INFO: data sent to user: M10020
2022-01-04 17:43:59,985 - INFO: data sent to user: G10092
2022-01-04 17:44:00,366 - INFO: data sent to user: M10021
2022-01-04 17:44:00,407 - INFO: data sent to user: G10093
2022-01-04 17:44:00,911 - INFO: data sent to user: G10094
2022-01-04 17:44:00,930 - INFO: data sent to user: M10022
2022-01-04 17:44:01,323 - INFO: data sent to user: G10095
2022-01-04 17:44:01,406 - INFO: data sent to user: M10023
2022-01-04 17:44:01,639 - INFO: data sent to user: G10096
2022-01-04 17:44:01,921 - INFO: data sent to user: M10024
2022-01-04 17:44:02,029 - INFO: data sent to user: G10097
2022-01-04 17:44:02,448 - INFO: data sent to user: G10098
2022-01-04 17:44:02,448 - INFO: data sent to user: M10025
2022-01-04 17:44:02,843 - INFO: data sent to user: G10099
2022-01-04 17:44:02,969 - INFO: data sent to user: M10026
2022-01-04 17:44:03,262 - INFO: data sent to user: G100100
2022-01-04 17:44:03,466 - INFO: data sent to user: M10027
2022-01-04 17:44:03,666 - INFO: data sent to user: G100101
2022-01-04 17:44:03,963 - INFO: data sent to user: M10028
2022-01-04 17:44:04,052 - INFO: data sent to user: G100102
2022-01-04 17:44:04,488 - INFO: data sent to user: G100103
2022-01-04 17:44:04,500 - INFO: data sent to user: M10029
2022-01-04 17:44:04,890 - INFO: data sent to user: G100104
2022-01-04 17:44:05,017 - INFO: data sent to user: M10030
2022-01-04 17:44:05,304 - INFO: data sent to user: G100105
2022-01-04 17:44:05,452 - INFO: command sent to subcontroller: Gyro_getYaw

2022-01-04 17:44:05,534 - INFO: data sent to user: M10031
2022-01-04 17:44:05,675 - INFO: data sent to user: G100106
2022-01-04 17:44:06,127 - INFO: data sent to user: G100107
2022-01-04 17:44:06,145 - INFO: data sent to user: M10032
2022-01-04 17:44:06,524 - INFO: data sent to user: G100108
2022-01-04 17:44:06,559 - INFO: data sent to user: M10033
2022-01-04 17:44:06,953 - INFO: data sent to user: G100109
2022-01-04 17:44:07,121 - INFO: data sent to user: M10034
2022-01-04 17:44:07,337 - INFO: data sent to user: G100110
2022-01-04 17:44:07,690 - INFO: data sent to user: M10035
2022-01-04 17:44:07,702 - INFO: data sent to user: G100111
2022-01-04 17:44:08,210 - INFO: data sent to user: G100112
2022-01-04 17:44:08,210 - INFO: data sent to user: M10036
2022-01-04 17:44:08,608 - INFO: data sent to user: G100113
2022-01-04 17:44:08,621 - INFO: data sent to user: M10037
2022-01-04 17:44:09,016 - INFO: data sent to user: G100114
2022-01-04 17:44:09,167 - INFO: data sent to user: M10038
2022-01-04 17:44:09,342 - INFO: data sent to user: G100115
2022-01-04 17:44:09,715 - INFO: data sent to user: M10039
2022-01-04 17:44:09,757 - INFO: data sent to user: G100116
2022-01-04 17:44:10,234 - INFO: data sent to user: G100117
2022-01-04 17:44:10,250 - INFO: data sent to user: M10040
2022-01-04 17:44:10,690 - INFO: data sent to user: G100118
2022-01-04 17:44:10,696 - INFO: data sent to user: M10041
2022-01-04 17:44:11,051 - INFO: data sent to user: G100119
2022-01-04 17:44:11,211 - INFO: data sent to user: M10042
2022-01-04 17:44:11,360 - INFO: data sent to user: G100120
2022-01-04 17:44:11,774 - INFO: data sent to user: G100121
2022-01-04 17:44:11,825 - INFO: data sent to user: M10043
2022-01-04 17:44:12,263 - INFO: data sent to user: G100122
2022-01-04 17:44:12,294 - INFO: data sent to user: M10044
2022-01-04 17:44:12,706 - INFO: data sent to user: G100123
2022-01-04 17:44:12,742 - INFO: data sent to user: M10045
2022-01-04 17:44:13,097 - INFO: data sent to user: G100124
2022-01-04 17:44:13,263 - INFO: data sent to user: M10046
2022-01-04 17:44:13,397 - INFO: data sent to user: G100125
2022-01-04 17:44:13,834 - INFO: data sent to user: G100126
2022-01-04 17:44:13,853 - INFO: data sent to user: M10047
2022-01-04 17:44:14,263 - INFO: data sent to user: G100127
2022-01-04 17:44:14,276 - INFO: data sent to user: M10048
2022-01-04 17:44:14,629 - INFO: data sent to user: G100128
2022-01-04 17:44:14,814 - INFO: data sent to user: M10049
2022-01-04 17:44:15,043 - INFO: command sent to subcontroller: Gyro_getYaw

2022-01-04 17:44:15,080 - INFO: data sent to user: G100129
2022-01-04 17:44:15,460 - INFO: data sent to user: G100130
2022-01-04 17:44:15,485 - INFO: data sent to user: M10050
2022-01-04 17:44:15,878 - INFO: data sent to user: G100131
2022-01-04 17:44:15,896 - INFO: data sent to user: M10051
2022-01-04 17:44:16,272 - INFO: data sent to user: G100132
2022-01-04 17:44:16,358 - INFO: data sent to user: M10052
2022-01-04 17:44:16,655 - INFO: data sent to user: G100133
2022-01-04 17:44:16,886 - INFO: data sent to user: M10053
2022-01-04 17:44:17,048 - INFO: data sent to user: G100134
2022-01-04 17:44:17,395 - INFO: data sent to user: M10054
2022-01-04 17:44:17,474 - INFO: data sent to user: G100135
2022-01-04 17:44:17,930 - INFO: data sent to user: M10055
2022-01-04 17:44:17,935 - INFO: data sent to user: G100136
2022-01-04 17:44:18,324 - INFO: data sent to user: G100137
2022-01-04 17:44:18,429 - INFO: data sent to user: M10056
2022-01-04 17:44:18,686 - INFO: data sent to user: G100138
2022-01-04 17:44:18,941 - INFO: data sent to user: M10057
2022-01-04 17:44:19,080 - INFO: data sent to user: G100139
2022-01-04 17:44:19,447 - INFO: data sent to user: M10058
2022-01-04 17:44:19,485 - INFO: data sent to user: G100140
2022-01-04 17:44:19,987 - INFO: data sent to user: G100141
2022-01-04 17:44:19,993 - INFO: data sent to user: M10059
2022-01-04 17:44:20,363 - INFO: data sent to user: G100142
2022-01-04 17:44:20,466 - INFO: data sent to user: M10060
2022-01-04 17:44:20,750 - INFO: data sent to user: G100143
2022-01-04 17:44:20,985 - INFO: data sent to user: M10061
2022-01-04 17:44:21,114 - INFO: data sent to user: G100144
2022-01-04 17:44:21,482 - INFO: data sent to user: M10062
2022-01-04 17:44:21,528 - INFO: data sent to user: G100145
2022-01-04 17:44:21,842 - INFO: command sent to subcontroller: Mass_getPos

2022-01-04 17:44:21,942 - INFO: data sent to user: G100146
2022-01-04 17:44:22,015 - INFO: data sent to user: M10063
2022-01-04 17:44:22,367 - INFO: data sent to user: G100147
2022-01-04 17:44:22,516 - INFO: data sent to user: M10064
2022-01-04 17:44:22,750 - INFO: data sent to user: G100148
2022-01-04 17:44:23,141 - INFO: data sent to user: M10065
2022-01-04 17:44:23,195 - INFO: data sent to user: G100149
2022-01-04 17:44:23,647 - INFO: data sent to user: M10066
2022-01-04 17:44:23,659 - INFO: data sent to user: G100150
2022-01-04 17:44:24,065 - INFO: data sent to user: M10067
2022-01-04 17:44:24,071 - INFO: data sent to user: G100151
2022-01-04 17:44:24,461 - INFO: data sent to user: G100152
2022-01-04 17:44:24,585 - INFO: data sent to user: M10068
2022-01-04 17:44:24,786 - INFO: data sent to user: G100153
2022-01-04 17:44:25,190 - INFO: data sent to user: G100154
2022-01-04 17:44:25,208 - INFO: data sent to user: M10069
2022-01-04 17:44:25,684 - INFO: data sent to user: G100155
2022-01-04 17:44:25,696 - INFO: data sent to user: M10070
2022-01-04 17:44:25,999 - INFO: data sent to user: G100156
2022-01-04 17:44:26,113 - INFO: data sent to user: M10071
2022-01-04 17:44:26,405 - INFO: data sent to user: G100157
2022-01-04 17:44:26,712 - INFO: data sent to user: M10072
2022-01-04 17:44:26,796 - INFO: data sent to user: G100158
2022-01-04 17:44:27,236 - INFO: data sent to user: G100159
2022-01-04 17:44:27,236 - INFO: data sent to user: M10073
2022-01-04 17:44:27,651 - INFO: data sent to user: G100160
2022-01-04 17:44:27,670 - INFO: data sent to user: M10074
2022-01-04 17:44:28,058 - INFO: data sent to user: G100161
2022-01-04 17:44:28,179 - INFO: data sent to user: M10075
2022-01-04 17:44:28,455 - INFO: data sent to user: G100162
2022-01-04 17:44:28,757 - INFO: data sent to user: M10076
2022-01-04 17:44:28,829 - INFO: data sent to user: G100163
2022-01-04 17:44:29,293 - INFO: data sent to user: M10077
2022-01-04 17:44:29,293 - INFO: data sent to user: G100164
2022-01-04 17:44:29,677 - INFO: data sent to user: G100165
2022-01-04 17:44:29,725 - INFO: data sent to user: M10078
2022-01-04 17:44:30,098 - INFO: data sent to user: G100166
2022-01-04 17:44:31,025 - INFO: data sent to user: G100167
2022-01-04 17:44:31,030 - INFO: data sent to user: M10079
2022-01-04 17:44:31,031 - INFO: data sent to user: G100168
2022-01-04 17:44:31,036 - INFO: data sent to user: M10080
2022-01-04 17:44:31,326 - INFO: data sent to user: G100169
2022-01-04 17:44:31,344 - INFO: data sent to user: M10081
2022-01-04 17:44:31,727 - INFO: data sent to user: G100170
2022-01-04 17:44:31,783 - INFO: data sent to user: M10082
2022-01-04 17:44:32,080 - INFO: data sent to user: G100171
2022-01-04 17:44:32,288 - INFO: command sent to subcontroller: Mass_Init

2022-01-04 17:44:32,323 - INFO: data sent to user: M10083
2022-01-04 17:44:32,498 - INFO: data sent to user: G100172
2022-01-04 17:44:32,842 - INFO: data sent to user: M10084
2022-01-04 17:44:32,917 - INFO: data sent to user: G100173
2022-01-04 17:44:33,392 - INFO: data sent to user: M10085
2022-01-04 17:44:33,404 - INFO: data sent to user: G100174
2022-01-04 17:44:33,787 - INFO: data sent to user: G100175
2022-01-04 17:44:33,849 - INFO: data sent to user: M10086
2022-01-04 17:44:34,113 - INFO: data sent to user: G100176
2022-01-04 17:44:34,388 - INFO: data sent to user: M10087
2022-01-04 17:44:34,524 - INFO: data sent to user: G100177
2022-01-04 17:44:34,901 - INFO: data sent to user: M10088
2022-01-04 17:44:34,932 - INFO: data sent to user: G100178
2022-01-04 17:44:35,410 - INFO: data sent to user: G100179
2022-01-04 17:44:35,416 - INFO: data sent to user: M10089
2022-01-04 17:44:35,758 - INFO: data sent to user: G100180
2022-01-04 17:44:35,899 - INFO: data sent to user: M10090
2022-01-04 17:44:36,225 - INFO: data sent to user: G100181
2022-01-04 17:44:36,435 - INFO: data sent to user: M10091
2022-01-04 17:44:36,539 - INFO: data sent to user: G100182
2022-01-04 17:44:36,977 - INFO: data sent to user: M10092
2022-01-04 17:44:36,987 - INFO: data sent to user: G100183
2022-01-04 17:44:37,464 - INFO: data sent to user: G100184
2022-01-04 17:44:37,464 - INFO: data sent to user: M10093
2022-01-04 17:44:37,865 - INFO: data sent to user: G100185
2022-01-04 17:44:38,004 - INFO: data sent to user: M10094
2022-01-04 17:44:38,180 - INFO: data sent to user: G100186
2022-01-04 17:44:38,596 - INFO: data sent to user: M10095
2022-01-04 17:44:38,596 - INFO: data sent to user: G100187
2022-01-04 17:44:39,006 - INFO: data sent to user: G100188
2022-01-04 17:44:39,018 - INFO: data sent to user: M10096
2022-01-04 17:44:39,423 - INFO: data sent to user: G100189
2022-01-04 17:44:39,519 - INFO: data sent to user: M10097
2022-01-04 17:44:39,818 - INFO: data sent to user: G100190
2022-01-04 17:44:40,122 - INFO: data sent to user: M10098
2022-01-04 17:44:40,223 - INFO: data sent to user: G100191
2022-01-04 17:44:40,637 - INFO: data sent to user: M10099
2022-01-04 17:44:40,649 - INFO: data sent to user: G100192
2022-01-04 17:44:40,924 - INFO: command sent to subcontroller: Mass_getPos

2022-01-04 17:44:41,093 - INFO: data sent to user: M100100
2022-01-04 17:44:41,099 - INFO: data sent to user: G100193
2022-01-04 17:44:41,455 - INFO: data sent to user: G100194
2022-01-04 17:44:41,603 - INFO: data sent to user: M100101
2022-01-04 17:44:41,864 - INFO: data sent to user: G100195
2022-01-04 17:44:42,182 - INFO: data sent to user: M100102
2022-01-04 17:44:42,238 - INFO: data sent to user: G100196
2022-01-04 17:44:42,688 - INFO: data sent to user: M100103
2022-01-04 17:44:42,701 - INFO: data sent to user: G100197
2022-01-04 17:44:43,124 - INFO: data sent to user: G100198
2022-01-04 17:44:43,142 - INFO: data sent to user: M100104
2022-01-04 17:44:43,518 - INFO: data sent to user: G100199
2022-01-04 17:44:43,645 - INFO: data sent to user: M100105
2022-01-04 17:44:43,922 - INFO: data sent to user: G100200
2022-01-04 17:44:44,223 - INFO: data sent to user: M100106
2022-01-04 17:44:44,282 - INFO: data sent to user: G100201
2022-01-04 17:44:44,736 - INFO: data sent to user: G100202
2022-01-04 17:44:44,754 - INFO: data sent to user: M100107
2022-01-04 17:44:45,135 - INFO: data sent to user: G100203
2022-01-04 17:44:45,189 - INFO: data sent to user: M100108
2022-01-04 17:44:45,539 - INFO: data sent to user: G100204
2022-01-04 17:44:45,709 - INFO: data sent to user: M100109
2022-01-04 17:44:45,932 - INFO: data sent to user: G100205
2022-01-04 17:44:46,296 - INFO: data sent to user: M100110
2022-01-04 17:44:46,303 - INFO: data sent to user: G100206
2022-01-04 17:44:46,781 - INFO: data sent to user: G100207
2022-01-04 17:44:46,787 - INFO: data sent to user: M100111
2022-01-04 17:44:47,205 - INFO: data sent to user: G100208
2022-01-04 17:44:47,246 - INFO: data sent to user: M100112
2022-01-04 17:44:47,625 - INFO: data sent to user: G100209
2022-01-04 17:44:47,781 - INFO: data sent to user: M100113
2022-01-04 17:44:47,919 - INFO: data sent to user: G100210
2022-01-04 17:44:48,336 - INFO: data sent to user: G100211
2022-01-04 17:44:48,348 - INFO: data sent to user: M100114
2022-01-04 17:44:48,766 - INFO: data sent to user: G100212
2022-01-04 17:44:48,814 - INFO: data sent to user: M100115
2022-01-04 17:44:49,235 - INFO: data sent to user: G100213
2022-01-04 17:44:49,331 - INFO: data sent to user: M100116
2022-01-04 17:44:49,654 - INFO: data sent to user: G100214
2022-01-04 17:44:49,828 - INFO: data sent to user: M100117
2022-01-04 17:44:49,967 - INFO: data sent to user: G100215
2022-01-04 17:44:50,390 - ERROR: Connection error while sending data to user
Traceback (most recent call last):
  File "/Users/manding/work/LiftingFrame/software/mainController/communication/client_handler.py", line 80, in send_message_data
    [user_socket.send(data.encode()) for user_socket in self.users]
  File "/Users/manding/work/LiftingFrame/software/mainController/communication/client_handler.py", line 80, in <listcomp>
    [user_socket.send(data.encode()) for user_socket in self.users]
BrokenPipeError: [Errno 32] Broken pipe
