2022-01-11 19:05:53,020 - INFO: SERVER Listening at (192.168.8.154, 8080)
2022-01-11 19:06:02,841 - INFO: new client connected at (192.168.8.154, 49993)
2022-01-11 19:06:06,048 - INFO: ADMIN is added
2022-01-11 19:06:12,940 - INFO: new client connected at (192.168.8.154, 49994)
2022-01-11 19:06:13,009 - INFO: LEVEL is added
2022-01-11 19:06:13,014 - INFO: sensor data-L-D-1,0.76,0.79
L-D-2,417,740,147,81
2022-01-11 19:06:15,063 - INFO: sensor data-L-D-1,0.69,0.24
L-D-2,762,577,996,258
2022-01-11 19:06:17,104 - INFO: sensor data-L-D-1,0.12,0.36
L-D-2,19,798,990,899
2022-01-11 19:06:17,964 - INFO: sent to user-L-INFO-1
2022-01-11 19:06:19,108 - INFO: sensor data-L-D-1,0.60,0.54
L-D-2,10,638,889,276
2022-01-11 19:06:21,137 - INFO: sensor data-L-D-1,0.48,0.76
L-D-2,502,865,212,881
2022-01-11 19:06:22,958 - INFO: sent to user-L-INFO-2
2022-01-11 19:06:23,142 - INFO: sensor data-L-D-1,0.68,0.41
L-D-2,229,771,163,414
2022-01-11 19:06:25,174 - INFO: sensor data-L-D-1,0.22,0.64
L-D-2,105,265,957,340
2022-01-11 19:06:27,198 - INFO: sensor data-L-D-1,0.59,0.09
L-D-2,50,106,128,148
2022-01-11 19:06:27,980 - INFO: sent to user-L-INFO-3
2022-01-11 19:06:29,209 - INFO: sensor data-L-D-1,0.93,0.50
L-D-2,678,477,107,969
2022-01-11 19:06:31,217 - INFO: sensor data-L-D-1,0.81,0.22
L-D-2,805,779,471,957
2022-01-11 19:06:33,007 - INFO: sent to user-L-INFO-4
2022-01-11 19:06:33,232 - INFO: sensor data-L-D-1,0.59,0.19
L-D-2,844,695,128,510
2022-01-11 19:06:35,243 - INFO: sensor data-L-D-1,0.78,0.99
L-D-2,62,31,419,313
2022-01-11 19:06:37,273 - INFO: sensor data-L-D-1,0.55,0.71
L-D-2,945,434,106,25
2022-01-11 19:06:37,965 - INFO: sent to user-L-INFO-5
2022-01-11 19:06:39,318 - INFO: sensor data-L-D-1,0.31,0.15
L-D-2,159,647,558,300
2022-01-11 19:06:41,318 - INFO: sensor data-L-D-1,0.68,0.47
L-D-2,823,78,823,20
2022-01-11 19:06:42,989 - INFO: sent to user-L-INFO-6
2022-01-11 19:06:43,347 - INFO: sensor data-L-D-1,0.19,0.84
L-D-2,952,334,446,441
2022-01-11 19:06:45,367 - INFO: sensor data-L-D-1,0.32,0.90
L-D-2,961,343,840,373
2022-01-11 19:06:47,395 - INFO: sensor data-L-D-1,0.88,0.75
L-D-2,746,359,646,803
2022-01-11 19:06:47,983 - INFO: sent to user-L-INFO-7
2022-01-11 19:06:49,404 - INFO: sensor data-L-D-1,0.96,0.38
L-D-2,766,541,84,429
2022-01-11 19:06:51,423 - INFO: sensor data-L-D-1,0.69,0.83
L-D-2,410,282,886,70
2022-01-11 19:06:53,009 - INFO: sent to user-L-INFO-8
2022-01-11 19:06:53,487 - INFO: sensor data-L-D-1,0.84,0.73
L-D-2,422,69,940,586
2022-01-11 19:06:55,497 - INFO: sensor data-L-D-1,0.71,0.88
L-D-2,601,357,534,700
2022-01-11 19:06:57,497 - INFO: sensor data-L-D-1,0.30,0.60
L-D-2,879,614,24,632
2022-01-11 19:06:57,981 - INFO: sent to user-L-INFO-9
2022-01-11 19:06:59,517 - INFO: sensor data-L-D-1,0.12,0.10
L-D-2,167,700,698,793
2022-01-11 19:07:01,529 - INFO: sensor data-L-D-1,0.32,0.98
L-D-2,818,704,730,815
2022-01-11 19:07:03,005 - INFO: sent to user-L-INFO-10
2022-01-11 19:07:03,549 - INFO: sensor data-L-D-1,0.68,0.84
L-D-2,20,8,114,942
2022-01-11 19:07:05,568 - INFO: sensor data-L-D-1,0.06,0.17
L-D-2,806,994,203,54
2022-01-11 19:07:07,572 - INFO: sensor data-L-D-1,0.11,0.03
L-D-2,169,266,989,992
2022-01-11 19:07:07,989 - INFO: sent to user-L-INFO-11
2022-01-11 19:07:09,602 - INFO: sensor data-L-D-1,0.34,0.26
L-D-2,599,723,725,905
